<?xml version="1.0" encoding="UTF-8"?>
<!-- Generated by org.testng.reporters.JUnitReportReporter -->
<testsuite skipped="0" hostname="NavneetSingh" name="com.maantic.automation.tests.GBTSLATest" tests="3" failures="0" timestamp="2022-12-16T13:12:05 IST" time="155.955" errors="0">
  <testcase name="SLA" time="57.186" classname="com.maantic.automation.tests.GBTSLATest"/>
  <system-out/>
  <testcase name="SLA" time="55.676" classname="com.maantic.automation.tests.GBTSLATest"/>
  <system-out/>
  <testcase name="SLA" time="43.093" classname="com.maantic.automation.tests.GBTSLATest"/>
  <system-out/>
</testsuite> <!-- com.maantic.automation.tests.GBTSLATest -->
