<?xml version="1.0" encoding="UTF-8"?>
<!-- Generated by org.testng.reporters.JUnitReportReporter -->
<testsuite hostname="NavneetSingh" failures="0" tests="4" name="com.maantic.automation.tests.GBTSLATest" time="228.761" errors="0" timestamp="2024-01-04T16:31:12 IST" skipped="0">
  <testcase classname="com.maantic.automation.tests.GBTSLATest" name="getURL" time="6.332"/>
  <system-out/>
  <testcase classname="com.maantic.automation.tests.GBTSLATest" name="SLA" time="70.706"/>
  <system-out/>
  <testcase classname="com.maantic.automation.tests.GBTSLATest" name="SLA" time="77.314"/>
  <system-out/>
  <testcase classname="com.maantic.automation.tests.GBTSLATest" name="SLA" time="74.409"/>
  <system-out/>
</testsuite> <!-- com.maantic.automation.tests.GBTSLATest -->
