<?xml version="1.0" encoding="UTF-8"?>
<!-- Generated by org.testng.reporters.JUnitReportReporter -->
<testsuite hostname="NavneetSingh" failures="0" tests="2" name="com.maantic.automation.tests.GBTActivityTest" time="85.712" errors="0" timestamp="2024-01-02T17:06:00 IST" skipped="0">
  <testcase classname="com.maantic.automation.tests.GBTActivityTest" name="getURL" time="6.159"/>
  <system-out/>
  <testcase classname="com.maantic.automation.tests.GBTActivityTest" name="Activity" time="79.553"/>
  <system-out/>
</testsuite> <!-- com.maantic.automation.tests.GBTActivityTest -->
