<?xml version="1.0" encoding="UTF-8"?>
<!-- Generated by org.testng.reporters.JUnitReportReporter -->
<testsuite hostname="NavneetSingh" failures="0" tests="3" name="com.maantic.automation.tests.GBTDecisionTableTest" time="173.655" errors="0" timestamp="2023-04-04T12:24:02 IST" skipped="0">
  <testcase classname="com.maantic.automation.tests.GBTDecisionTableTest" name="Decision_Table" time="43.698"/>
  <system-out/>
  <testcase classname="com.maantic.automation.tests.GBTDecisionTableTest" name="Decision_Table" time="66.871"/>
  <system-out/>
  <testcase classname="com.maantic.automation.tests.GBTDecisionTableTest" name="Decision_Table" time="63.086"/>
  <system-out/>
</testsuite> <!-- com.maantic.automation.tests.GBTDecisionTableTest -->
