<?xml version="1.0" encoding="UTF-8"?>
<!-- Generated by org.testng.reporters.JUnitReportReporter -->
<testsuite hostname="NavneetSingh" failures="0" tests="1" name="com.maantic.automation.tests.GBTSLATest" time="0.000" errors="0" timestamp="2022-12-14T15:10:56 IST" skipped="1">
  <testcase classname="com.maantic.automation.tests.GBTSLATest" name="SLA" time="0.000">
    <skipped/>
  </testcase> <!-- SLA -->
  <system-out/>
</testsuite> <!-- com.maantic.automation.tests.GBTSLATest -->
