<?xml version="1.0" encoding="UTF-8"?>
<!-- Generated by org.testng.reporters.JUnitReportReporter -->
<testsuite hostname="NavneetSingh" failures="0" tests="4" name="com.maantic.automation.tests.GBTSLATest" time="182.015" errors="0" timestamp="2024-01-02T14:45:49 IST" skipped="0">
  <testcase classname="com.maantic.automation.tests.GBTSLATest" name="getURL" time="4.048"/>
  <system-out/>
  <testcase classname="com.maantic.automation.tests.GBTSLATest" name="SLA" time="63.767"/>
  <system-out/>
  <testcase classname="com.maantic.automation.tests.GBTSLATest" name="SLA" time="66.102"/>
  <system-out/>
  <testcase classname="com.maantic.automation.tests.GBTSLATest" name="SLA" time="48.098"/>
  <system-out/>
</testsuite> <!-- com.maantic.automation.tests.GBTSLATest -->
