<?xml version="1.0" encoding="UTF-8"?>
<!-- Generated by org.testng.reporters.JUnitReportReporter -->
<testsuite hostname="NavneetSingh" failures="0" tests="2" name="com.maantic.automation.tests.GBTActivityTest" time="102.058" errors="0" timestamp="2024-01-04T15:24:29 IST" skipped="0">
  <testcase classname="com.maantic.automation.tests.GBTActivityTest" name="getURL" time="5.344"/>
  <system-out/>
  <testcase classname="com.maantic.automation.tests.GBTActivityTest" name="Activity" time="96.714"/>
  <system-out/>
</testsuite> <!-- com.maantic.automation.tests.GBTActivityTest -->
