<?xml version="1.0" encoding="UTF-8"?>
<!-- Generated by org.testng.reporters.JUnitReportReporter -->
<testsuite hostname="NavneetSingh" failures="0" tests="2" name="com.maantic.automation.tests.GBTDecisionTableTest2" time="91.087" errors="0" timestamp="2024-01-05T17:00:41 IST" skipped="0">
  <testcase classname="com.maantic.automation.tests.GBTDecisionTableTest2" name="getURL" time="3.945"/>
  <system-out/>
  <testcase classname="com.maantic.automation.tests.GBTDecisionTableTest2" name="Decision_Table" time="87.142"/>
  <system-out/>
</testsuite> <!-- com.maantic.automation.tests.GBTDecisionTableTest2 -->
