<?xml version="1.0" encoding="UTF-8"?>
<!-- Generated by org.testng.reporters.JUnitReportReporter -->
<testsuite hostname="NavneetSingh" failures="0" tests="2" name="com.maantic.automation.tests.GBTSLATest2" time="124.582" errors="0" timestamp="2024-01-05T17:00:41 IST" skipped="0">
  <testcase classname="com.maantic.automation.tests.GBTSLATest2" name="getURL" time="3.270"/>
  <system-out/>
  <testcase classname="com.maantic.automation.tests.GBTSLATest2" name="SLA" time="121.312"/>
  <system-out/>
</testsuite> <!-- com.maantic.automation.tests.GBTSLATest2 -->
