<?xml version="1.0" encoding="UTF-8"?>
<!-- Generated by org.testng.reporters.JUnitReportReporter -->
<testsuite hostname="NavneetSingh" failures="0" tests="3" name="com.maantic.automation.tests.GBTDecisionTableTest" time="141.154" errors="0" timestamp="2024-01-02T14:29:17 IST" skipped="0">
  <testcase classname="com.maantic.automation.tests.GBTDecisionTableTest" name="getURL" time="4.200"/>
  <system-out/>
  <testcase classname="com.maantic.automation.tests.GBTDecisionTableTest" name="Decision_Table" time="50.428"/>
  <system-out/>
  <testcase classname="com.maantic.automation.tests.GBTDecisionTableTest" name="Decision_Table" time="86.526"/>
  <system-out/>
</testsuite> <!-- com.maantic.automation.tests.GBTDecisionTableTest -->
