<?xml version="1.0" encoding="UTF-8"?>
<!-- Generated by org.testng.reporters.JUnitReportReporter -->
<testsuite skipped="0" hostname="NavneetSingh" name="com.maantic.automation.tests.GBTActivityTest" tests="2" failures="0" timestamp="2023-04-04T12:41:51 IST" time="117.233" errors="0">
  <testcase name="Activity" time="42.938" classname="com.maantic.automation.tests.GBTActivityTest"/>
  <system-out/>
  <testcase name="Activity" time="74.295" classname="com.maantic.automation.tests.GBTActivityTest"/>
  <system-out/>
</testsuite> <!-- com.maantic.automation.tests.GBTActivityTest -->
