<?xml version="1.0" encoding="UTF-8"?>
<!-- Generated by org.testng.reporters.JUnitReportReporter -->
<testsuite hostname="NavneetSingh" failures="0" tests="3" name="com.maantic.automation.tests.GBTSLATest" time="150.344" errors="0" timestamp="2023-04-04T12:24:02 IST" skipped="0">
  <testcase classname="com.maantic.automation.tests.GBTSLATest" name="SLA" time="54.772"/>
  <system-out/>
  <testcase classname="com.maantic.automation.tests.GBTSLATest" name="SLA" time="41.210"/>
  <system-out/>
  <testcase classname="com.maantic.automation.tests.GBTSLATest" name="SLA" time="54.362"/>
  <system-out/>
</testsuite> <!-- com.maantic.automation.tests.GBTSLATest -->
