<?xml version="1.0" encoding="UTF-8"?>
<!-- Generated by org.testng.reporters.JUnitReportReporter -->
<testsuite skipped="0" hostname="NavneetSingh" name="com.maantic.automation.tests.GBTSLATest" tests="3" failures="0" timestamp="2022-12-19T14:26:15 IST" time="174.016" errors="0">
  <testcase name="SLA" time="62.728" classname="com.maantic.automation.tests.GBTSLATest"/>
  <system-out/>
  <testcase name="SLA" time="48.995" classname="com.maantic.automation.tests.GBTSLATest"/>
  <system-out/>
  <testcase name="SLA" time="62.293" classname="com.maantic.automation.tests.GBTSLATest"/>
  <system-out/>
</testsuite> <!-- com.maantic.automation.tests.GBTSLATest -->
