<?xml version="1.0" encoding="UTF-8"?>
<!-- Generated by org.testng.reporters.JUnitReportReporter -->
<testsuite skipped="0" hostname="NavneetSingh" name="com.maantic.automation.tests.GBTActivityTest" tests="2" failures="0" timestamp="2022-12-19T17:04:59 IST" time="154.551" errors="0">
  <testcase name="Activity" time="93.062" classname="com.maantic.automation.tests.GBTActivityTest"/>
  <system-out/>
  <testcase name="Activity" time="61.489" classname="com.maantic.automation.tests.GBTActivityTest"/>
  <system-out/>
</testsuite> <!-- com.maantic.automation.tests.GBTActivityTest -->
