<?xml version="1.0" encoding="UTF-8"?>
<!-- Generated by org.testng.reporters.JUnitReportReporter -->
<testsuite hostname="NavneetSingh" failures="0" tests="2" name="com.maantic.automation.tests.GBTSLATest2" time="127.888" errors="0" timestamp="2024-01-05T16:38:19 IST" skipped="0">
  <testcase classname="com.maantic.automation.tests.GBTSLATest2" name="getURL" time="4.224"/>
  <system-out/>
  <testcase classname="com.maantic.automation.tests.GBTSLATest2" name="SLA" time="123.664"/>
  <system-out/>
</testsuite> <!-- com.maantic.automation.tests.GBTSLATest2 -->
