<?xml version="1.0" encoding="UTF-8"?>
<!-- Generated by org.testng.reporters.JUnitReportReporter -->
<testsuite skipped="0" hostname="NavneetSingh" name="com.maantic.automation.tests.GBTDecisionTableTest" tests="3" failures="0" timestamp="2022-12-16T13:28:11 IST" time="174.738" errors="0">
  <testcase name="Decision_Table" time="65.929" classname="com.maantic.automation.tests.GBTDecisionTableTest"/>
  <system-out/>
  <testcase name="Decision_Table" time="43.811" classname="com.maantic.automation.tests.GBTDecisionTableTest"/>
  <system-out/>
  <testcase name="Decision_Table" time="64.998" classname="com.maantic.automation.tests.GBTDecisionTableTest"/>
  <system-out/>
</testsuite> <!-- com.maantic.automation.tests.GBTDecisionTableTest -->
