<?xml version="1.0" encoding="UTF-8"?>
<!-- Generated by org.testng.reporters.JUnitReportReporter -->
<testsuite skipped="0" hostname="NavneetSingh" name="com.maantic.automation.tests.GBTDecisionTableTest" tests="3" failures="0" timestamp="2022-12-19T14:45:13 IST" time="236.782" errors="0">
  <testcase name="Decision_Table" time="94.474" classname="com.maantic.automation.tests.GBTDecisionTableTest"/>
  <system-out/>
  <testcase name="Decision_Table" time="67.293" classname="com.maantic.automation.tests.GBTDecisionTableTest"/>
  <system-out/>
  <testcase name="Decision_Table" time="75.015" classname="com.maantic.automation.tests.GBTDecisionTableTest"/>
  <system-out/>
</testsuite> <!-- com.maantic.automation.tests.GBTDecisionTableTest -->
