<?xml version="1.0" encoding="UTF-8"?>
<!-- Generated by org.testng.reporters.JUnitReportReporter -->
<testsuite hostname="NavneetSingh" failures="0" tests="3" name="com.maantic.automation.tests.GBTDecisionTableTest" time="166.998" errors="0" timestamp="2024-01-04T15:24:29 IST" skipped="0">
  <testcase classname="com.maantic.automation.tests.GBTDecisionTableTest" name="getURL" time="5.267"/>
  <system-out/>
  <testcase classname="com.maantic.automation.tests.GBTDecisionTableTest" name="Decision_Table" time="64.101"/>
  <system-out/>
  <testcase classname="com.maantic.automation.tests.GBTDecisionTableTest" name="Decision_Table" time="97.630"/>
  <system-out/>
</testsuite> <!-- com.maantic.automation.tests.GBTDecisionTableTest -->
