<?xml version="1.0" encoding="UTF-8"?>
<!-- Generated by org.testng.reporters.JUnitReportReporter -->
<testsuite hostname="GopalS" failures="0" tests="1" name="com.maantic.automation.tests.LoginTest" time="9.619" errors="0" timestamp="2022-09-20T19:21:21 IST" skipped="0">
  <testcase classname="com.maantic.automation.tests.LoginTest" name="TC_01_VerifyLoginPageTitle" time="9.619"/>
  <system-out/>
</testsuite> <!-- com.maantic.automation.tests.LoginTest -->
