<?xml version="1.0" encoding="UTF-8"?>
<!-- Generated by org.testng.reporters.JUnitReportReporter -->
<testsuite hostname="GopalS" failures="0" tests="1" name="com.maantic.automation.tests.CreateContactTest" time="46.009" errors="0" timestamp="2022-09-20T19:21:21 IST" skipped="0">
  <testcase classname="com.maantic.automation.tests.CreateContactTest" name="TC_02_CreateNewContactSuccessfully" time="46.009"/>
  <system-out/>
</testsuite> <!-- com.maantic.automation.tests.CreateContactTest -->
